<?xml version="1.0" encoding="UTF-8"?>
<coverage generated="1580049945799" clover="3.2.0">
  <project timestamp="1580049945799" name="All files">
    <metrics statements="58" coveredstatements="58" conditionals="14" coveredconditionals="14" methods="21" coveredmethods="21" elements="93" coveredelements="93" complexity="0" loc="58" ncloc="58" packages="1" files="1" classes="1"/>
    <file name="index.ts" path="/Users/danielkov/projects/packages/async-array/src/index.ts">
      <metrics statements="58" coveredstatements="58" conditionals="14" coveredconditionals="14" methods="21" coveredmethods="21"/>
      <line num="1" count="1" type="stmt"/>
      <line num="2" count="15" type="stmt"/>
      <line num="5" count="1" type="stmt"/>
      <line num="6" count="5" type="stmt"/>
      <line num="7" count="5" type="stmt"/>
      <line num="8" count="5" type="stmt"/>
      <line num="10" count="35" type="stmt"/>
      <line num="11" count="35" type="stmt"/>
      <line num="12" count="35" type="stmt"/>
      <line num="18" count="1" type="stmt"/>
      <line num="22" count="1" type="stmt"/>
      <line num="23" count="1" type="stmt"/>
      <line num="25" count="1" type="stmt"/>
      <line num="27" count="11" type="stmt"/>
      <line num="29" count="11" type="cond" truecount="2" falsecount="0"/>
      <line num="35" count="1" type="stmt"/>
      <line num="40" count="1" type="stmt"/>
      <line num="42" count="1" type="stmt"/>
      <line num="43" count="1" type="stmt"/>
      <line num="44" count="6" type="stmt"/>
      <line num="45" count="6" type="cond" truecount="2" falsecount="0"/>
      <line num="49" count="1" type="stmt"/>
      <line num="52" count="1" type="stmt"/>
      <line num="56" count="3" type="stmt"/>
      <line num="57" count="3" type="stmt"/>
      <line num="59" count="3" type="stmt"/>
      <line num="63" count="18" type="stmt"/>
      <line num="64" count="33" type="stmt"/>
      <line num="65" count="33" type="stmt"/>
      <line num="66" count="33" type="stmt"/>
      <line num="68" count="18" type="stmt"/>
      <line num="74" count="1" type="stmt"/>
      <line num="75" count="1" type="stmt"/>
      <line num="76" count="1" type="stmt"/>
      <line num="78" count="1" type="stmt"/>
      <line num="80" count="5" type="stmt"/>
      <line num="81" count="5" type="cond" truecount="2" falsecount="0"/>
      <line num="82" count="5" type="cond" truecount="2" falsecount="0"/>
      <line num="83" count="5" type="stmt"/>
      <line num="89" count="1" type="stmt"/>
      <line num="90" count="1" type="stmt"/>
      <line num="93" count="1" type="stmt"/>
      <line num="94" count="1" type="stmt"/>
      <line num="95" count="1" type="stmt"/>
      <line num="97" count="1" type="stmt"/>
      <line num="98" count="1" type="stmt"/>
      <line num="102" count="1" type="stmt"/>
      <line num="103" count="4" type="stmt"/>
      <line num="104" count="4" type="stmt"/>
      <line num="105" count="4" type="stmt"/>
      <line num="107" count="4" type="stmt"/>
      <line num="109" count="24" type="stmt"/>
      <line num="111" count="24" type="cond" truecount="2" falsecount="0"/>
      <line num="112" count="24" type="cond" truecount="2" falsecount="0"/>
      <line num="113" count="24" type="stmt"/>
      <line num="115" count="24" type="stmt"/>
      <line num="121" count="1" type="stmt"/>
      <line num="122" count="4" type="stmt"/>
    </file>
  </project>
</coverage>
