{"/Users/danielkov/projects/packages/async-array/src/index.ts": {"path":"/Users/danielkov/projects/packages/async-array/src/index.ts","statementMap":{"0":{"start":{"line":1,"column":24},"end":{"line":3,"column":1}},"1":{"start":{"line":2,"column":2},"end":{"line":2,"column":35}},"2":{"start":{"line":5,"column":31},"end":{"line":16,"column":1}},"3":{"start":{"line":6,"column":2},"end":{"line":15,"column":5}},"4":{"start":{"line":7,"column":12},"end":{"line":7,"column":21}},"5":{"start":{"line":8,"column":4},"end":{"line":14,"column":6}},"6":{"start":{"line":10,"column":22},"end":{"line":10,"column":23}},"7":{"start":{"line":11,"column":8},"end":{"line":11,"column":18}},"8":{"start":{"line":12,"column":8},"end":{"line":12,"column":38}},"9":{"start":{"line":18,"column":19},"end":{"line":33,"column":1}},"10":{"start":{"line":22,"column":2},"end":{"line":32,"column":5}},"11":{"start":{"line":23,"column":21},"end":{"line":23,"column":48}},"12":{"start":{"line":25,"column":4},"end":{"line":31,"column":6}},"13":{"start":{"line":27,"column":32},"end":{"line":27,"column":47}},"14":{"start":{"line":29,"column":8},"end":{"line":29,"column":65}},"15":{"start":{"line":35,"column":22},"end":{"line":50,"column":1}},"16":{"start":{"line":40,"column":19},"end":{"line":40,"column":46}},"17":{"start":{"line":42,"column":20},"end":{"line":42,"column":32}},"18":{"start":{"line":43,"column":2},"end":{"line":48,"column":34}},"19":{"start":{"line":44,"column":4},"end":{"line":44,"column":38}},"20":{"start":{"line":45,"column":4},"end":{"line":47,"column":52}},"21":{"start":{"line":49,"column":2},"end":{"line":49,"column":21}},"22":{"start":{"line":52,"column":22},"end":{"line":72,"column":1}},"23":{"start":{"line":56,"column":2},"end":{"line":71,"column":5}},"24":{"start":{"line":57,"column":21},"end":{"line":57,"column":48}},"25":{"start":{"line":59,"column":4},"end":{"line":70,"column":6}},"26":{"start":{"line":63,"column":8},"end":{"line":67,"column":38}},"27":{"start":{"line":64,"column":23},"end":{"line":64,"column":38}},"28":{"start":{"line":65,"column":10},"end":{"line":65,"column":27}},"29":{"start":{"line":66,"column":10},"end":{"line":66,"column":29}},"30":{"start":{"line":68,"column":8},"end":{"line":68,"column":31}},"31":{"start":{"line":74,"column":21},"end":{"line":87,"column":1}},"32":{"start":{"line":75,"column":2},"end":{"line":86,"column":5}},"33":{"start":{"line":76,"column":21},"end":{"line":76,"column":48}},"34":{"start":{"line":78,"column":4},"end":{"line":85,"column":6}},"35":{"start":{"line":80,"column":30},"end":{"line":80,"column":45}},"36":{"start":{"line":81,"column":8},"end":{"line":81,"column":33}},"37":{"start":{"line":82,"column":8},"end":{"line":82,"column":41}},"38":{"start":{"line":83,"column":8},"end":{"line":83,"column":31}},"39":{"start":{"line":89,"column":21},"end":{"line":91,"column":1}},"40":{"start":{"line":90,"column":2},"end":{"line":90,"column":50}},"41":{"start":{"line":93,"column":20},"end":{"line":100,"column":1}},"42":{"start":{"line":94,"column":2},"end":{"line":99,"column":5}},"43":{"start":{"line":95,"column":21},"end":{"line":95,"column":48}},"44":{"start":{"line":97,"column":4},"end":{"line":97,"column":20}},"45":{"start":{"line":98,"column":4},"end":{"line":98,"column":20}},"46":{"start":{"line":102,"column":20},"end":{"line":119,"column":1}},"47":{"start":{"line":103,"column":2},"end":{"line":118,"column":5}},"48":{"start":{"line":104,"column":21},"end":{"line":104,"column":48}},"49":{"start":{"line":105,"column":28},"end":{"line":105,"column":40}},"50":{"start":{"line":107,"column":4},"end":{"line":117,"column":6}},"51":{"start":{"line":109,"column":30},"end":{"line":109,"column":45}},"52":{"start":{"line":111,"column":8},"end":{"line":111,"column":46}},"53":{"start":{"line":112,"column":8},"end":{"line":112,"column":41}},"54":{"start":{"line":113,"column":8},"end":{"line":113,"column":31}},"55":{"start":{"line":115,"column":8},"end":{"line":115,"column":31}},"56":{"start":{"line":121,"column":24},"end":{"line":122,"column":22}},"57":{"start":{"line":122,"column":2},"end":{"line":122,"column":22}}},"fnMap":{"0":{"name":"(anonymous_0)","decl":{"start":{"line":1,"column":24},"end":{"line":1,"column":25}},"loc":{"start":{"line":1,"column":73},"end":{"line":3,"column":1}},"line":1},"1":{"name":"(anonymous_1)","decl":{"start":{"line":5,"column":31},"end":{"line":5,"column":32}},"loc":{"start":{"line":5,"column":68},"end":{"line":16,"column":1}},"line":5},"2":{"name":"(anonymous_2)","decl":{"start":{"line":6,"column":18},"end":{"line":6,"column":19}},"loc":{"start":{"line":6,"column":24},"end":{"line":15,"column":3}},"line":6},"3":{"name":"(anonymous_3)","decl":{"start":{"line":9,"column":6},"end":{"line":9,"column":7}},"loc":{"start":{"line":9,"column":13},"end":{"line":13,"column":7}},"line":9},"4":{"name":"(anonymous_4)","decl":{"start":{"line":18,"column":19},"end":{"line":18,"column":20}},"loc":{"start":{"line":21,"column":5},"end":{"line":33,"column":1}},"line":21},"5":{"name":"(anonymous_5)","decl":{"start":{"line":22,"column":18},"end":{"line":22,"column":19}},"loc":{"start":{"line":22,"column":24},"end":{"line":32,"column":3}},"line":22},"6":{"name":"(anonymous_6)","decl":{"start":{"line":26,"column":12},"end":{"line":26,"column":13}},"loc":{"start":{"line":26,"column":18},"end":{"line":30,"column":7}},"line":26},"7":{"name":"(anonymous_7)","decl":{"start":{"line":35,"column":22},"end":{"line":35,"column":23}},"loc":{"start":{"line":39,"column":5},"end":{"line":50,"column":1}},"line":39},"8":{"name":"(anonymous_8)","decl":{"start":{"line":52,"column":22},"end":{"line":52,"column":23}},"loc":{"start":{"line":55,"column":5},"end":{"line":72,"column":1}},"line":55},"9":{"name":"(anonymous_9)","decl":{"start":{"line":56,"column":18},"end":{"line":56,"column":19}},"loc":{"start":{"line":56,"column":24},"end":{"line":71,"column":3}},"line":56},"10":{"name":"(anonymous_10)","decl":{"start":{"line":60,"column":12},"end":{"line":60,"column":13}},"loc":{"start":{"line":60,"column":18},"end":{"line":69,"column":7}},"line":60},"11":{"name":"(anonymous_11)","decl":{"start":{"line":74,"column":21},"end":{"line":74,"column":22}},"loc":{"start":{"line":74,"column":74},"end":{"line":87,"column":1}},"line":74},"12":{"name":"(anonymous_12)","decl":{"start":{"line":75,"column":18},"end":{"line":75,"column":19}},"loc":{"start":{"line":75,"column":24},"end":{"line":86,"column":3}},"line":75},"13":{"name":"(anonymous_13)","decl":{"start":{"line":79,"column":12},"end":{"line":79,"column":13}},"loc":{"start":{"line":79,"column":18},"end":{"line":84,"column":7}},"line":79},"14":{"name":"(anonymous_14)","decl":{"start":{"line":89,"column":21},"end":{"line":89,"column":22}},"loc":{"start":{"line":89,"column":54},"end":{"line":91,"column":1}},"line":89},"15":{"name":"(anonymous_15)","decl":{"start":{"line":93,"column":20},"end":{"line":93,"column":21}},"loc":{"start":{"line":93,"column":50},"end":{"line":100,"column":1}},"line":93},"16":{"name":"(anonymous_16)","decl":{"start":{"line":94,"column":18},"end":{"line":94,"column":19}},"loc":{"start":{"line":94,"column":24},"end":{"line":99,"column":3}},"line":94},"17":{"name":"(anonymous_17)","decl":{"start":{"line":102,"column":20},"end":{"line":102,"column":21}},"loc":{"start":{"line":102,"column":72},"end":{"line":119,"column":1}},"line":102},"18":{"name":"(anonymous_18)","decl":{"start":{"line":103,"column":18},"end":{"line":103,"column":19}},"loc":{"start":{"line":103,"column":24},"end":{"line":118,"column":3}},"line":103},"19":{"name":"(anonymous_19)","decl":{"start":{"line":108,"column":12},"end":{"line":108,"column":13}},"loc":{"start":{"line":108,"column":18},"end":{"line":116,"column":7}},"line":108},"20":{"name":"(anonymous_20)","decl":{"start":{"line":121,"column":24},"end":{"line":121,"column":25}},"loc":{"start":{"line":122,"column":2},"end":{"line":122,"column":22}},"line":122}},"branchMap":{"0":{"loc":{"start":{"line":29,"column":30},"end":{"line":29,"column":62}},"type":"cond-expr","locations":[{"start":{"line":29,"column":37},"end":{"line":29,"column":46}},{"start":{"line":29,"column":49},"end":{"line":29,"column":62}}],"line":29},"1":{"loc":{"start":{"line":45,"column":18},"end":{"line":47,"column":51}},"type":"cond-expr","locations":[{"start":{"line":46,"column":8},"end":{"line":46,"column":19}},{"start":{"line":47,"column":8},"end":{"line":47,"column":51}}],"line":45},"2":{"loc":{"start":{"line":67,"column":17},"end":{"line":67,"column":36}},"type":"binary-expr","locations":[{"start":{"line":67,"column":17},"end":{"line":67,"column":22}},{"start":{"line":67,"column":26},"end":{"line":67,"column":36}}],"line":67},"3":{"loc":{"start":{"line":81,"column":15},"end":{"line":81,"column":32}},"type":"binary-expr","locations":[{"start":{"line":81,"column":15},"end":{"line":81,"column":19}},{"start":{"line":81,"column":23},"end":{"line":81,"column":32}}],"line":81},"4":{"loc":{"start":{"line":82,"column":16},"end":{"line":82,"column":40}},"type":"cond-expr","locations":[{"start":{"line":82,"column":23},"end":{"line":82,"column":32}},{"start":{"line":82,"column":35},"end":{"line":82,"column":40}}],"line":82},"5":{"loc":{"start":{"line":111,"column":15},"end":{"line":111,"column":45}},"type":"binary-expr","locations":[{"start":{"line":111,"column":15},"end":{"line":111,"column":19}},{"start":{"line":111,"column":23},"end":{"line":111,"column":45}}],"line":111},"6":{"loc":{"start":{"line":112,"column":16},"end":{"line":112,"column":40}},"type":"cond-expr","locations":[{"start":{"line":112,"column":23},"end":{"line":112,"column":32}},{"start":{"line":112,"column":35},"end":{"line":112,"column":40}}],"line":112}},"s":{"0":1,"1":15,"2":1,"3":5,"4":5,"5":5,"6":35,"7":35,"8":35,"9":1,"10":1,"11":1,"12":1,"13":11,"14":11,"15":1,"16":1,"17":1,"18":1,"19":6,"20":6,"21":1,"22":1,"23":3,"24":3,"25":3,"26":18,"27":33,"28":33,"29":33,"30":18,"31":1,"32":1,"33":1,"34":1,"35":5,"36":5,"37":5,"38":5,"39":1,"40":1,"41":1,"42":1,"43":1,"44":1,"45":1,"46":1,"47":4,"48":4,"49":4,"50":4,"51":24,"52":24,"53":24,"54":24,"55":24,"56":1,"57":4},"f":{"0":15,"1":5,"2":5,"3":35,"4":1,"5":1,"6":11,"7":1,"8":3,"9":3,"10":18,"11":1,"12":1,"13":5,"14":1,"15":1,"16":1,"17":4,"18":4,"19":24,"20":4},"b":{"0":[1,10],"1":[1,5],"2":[33,32],"3":[5,5],"4":[1,4],"5":[24,23],"6":[4,20]},"_coverageSchema":"43e27e138ebf9cfc5966b082cf9a028302ed4184","hash":"9f5b78b3703f7299fd6527951c9f3d8daf381a39"}
}
