TN:
SF:/Users/danielkov/projects/packages/async-array/src/index.ts
FN:1,(anonymous_0)
FN:5,(anonymous_1)
FN:6,(anonymous_2)
FN:9,(anonymous_3)
FN:18,(anonymous_4)
FN:22,(anonymous_5)
FN:26,(anonymous_6)
FN:35,(anonymous_7)
FN:52,(anonymous_8)
FN:56,(anonymous_9)
FN:60,(anonymous_10)
FN:74,(anonymous_11)
FN:75,(anonymous_12)
FN:79,(anonymous_13)
FN:89,(anonymous_14)
FN:93,(anonymous_15)
FN:94,(anonymous_16)
FN:102,(anonymous_17)
FN:103,(anonymous_18)
FN:108,(anonymous_19)
FN:121,(anonymous_20)
FNF:21
FNH:21
FNDA:15,(anonymous_0)
FNDA:5,(anonymous_1)
FNDA:5,(anonymous_2)
FNDA:35,(anonymous_3)
FNDA:1,(anonymous_4)
FNDA:1,(anonymous_5)
FNDA:11,(anonymous_6)
FNDA:1,(anonymous_7)
FNDA:3,(anonymous_8)
FNDA:3,(anonymous_9)
FNDA:18,(anonymous_10)
FNDA:1,(anonymous_11)
FNDA:1,(anonymous_12)
FNDA:5,(anonymous_13)
FNDA:1,(anonymous_14)
FNDA:1,(anonymous_15)
FNDA:1,(anonymous_16)
FNDA:4,(anonymous_17)
FNDA:4,(anonymous_18)
FNDA:24,(anonymous_19)
FNDA:4,(anonymous_20)
DA:1,1
DA:2,15
DA:5,1
DA:6,5
DA:7,5
DA:8,5
DA:10,35
DA:11,35
DA:12,35
DA:18,1
DA:22,1
DA:23,1
DA:25,1
DA:27,11
DA:29,11
DA:35,1
DA:40,1
DA:42,1
DA:43,1
DA:44,6
DA:45,6
DA:49,1
DA:52,1
DA:56,3
DA:57,3
DA:59,3
DA:63,18
DA:64,33
DA:65,33
DA:66,33
DA:68,18
DA:74,1
DA:75,1
DA:76,1
DA:78,1
DA:80,5
DA:81,5
DA:82,5
DA:83,5
DA:89,1
DA:90,1
DA:93,1
DA:94,1
DA:95,1
DA:97,1
DA:98,1
DA:102,1
DA:103,4
DA:104,4
DA:105,4
DA:107,4
DA:109,24
DA:111,24
DA:112,24
DA:113,24
DA:115,24
DA:121,1
DA:122,4
LF:58
LH:58
BRDA:29,0,0,1
BRDA:29,0,1,10
BRDA:45,1,0,1
BRDA:45,1,1,5
BRDA:67,2,0,33
BRDA:67,2,1,32
BRDA:81,3,0,5
BRDA:81,3,1,5
BRDA:82,4,0,1
BRDA:82,4,1,4
BRDA:111,5,0,24
BRDA:111,5,1,23
BRDA:112,6,0,4
BRDA:112,6,1,20
BRF:14
BRH:14
end_of_record
